<?xml version="1.0" encoding="UTF-8"?>
<!-- Generated by org.testng.reporters.JUnitReportReporter -->
<testsuite hostname="DESKTOP-GPJOP6O" failures="0" tests="1" name="MasterTestPack.QdmsLoginTest" time="6.682" errors="0" timestamp="20 Feb 2023 05:05:58 GMT" skipped="0">
  <testcase classname="MasterTestPack.QdmsLoginTest" name="logincheck" time="6.682"/>
</testsuite> <!-- MasterTestPack.QdmsLoginTest -->
