<?xml version="1.0" encoding="UTF-8"?>
<!-- Generated by org.testng.reporters.JUnitReportReporter -->
<testsuite hostname="DESKTOP-GPJOP6O" failures="0" tests="1" name="SBUTestPack.LoginTest" time="6.206" errors="0" timestamp="2023-02-17T16:41:55 IST" skipped="0">
  <testcase classname="SBUTestPack.LoginTest" name="logincheck" time="6.206"/>
  <system-out/>
</testsuite> <!-- SBUTestPack.LoginTest -->
