<?xml version="1.0" encoding="UTF-8"?>
<!-- Generated by org.testng.reporters.JUnitReportReporter -->
<testsuite hostname="DESKTOP-GPJOP6O" failures="0" tests="2" name="SBUTestPack.AddSbuUITest" time="8.060" errors="0" timestamp="17 Feb 2023 08:23:47 GMT" skipped="0">
  <testcase classname="SBUTestPack.AddSbuUITest" name="addsbubutton" time="0.413"/>
  <testcase classname="SBUTestPack.AddSbuUITest" name="Menu" time="7.647"/>
</testsuite> <!-- SBUTestPack.AddSbuUITest -->
