<?xml version="1.0" encoding="UTF-8"?>
<!-- Generated by org.testng.reporters.JUnitReportReporter -->
<testsuite hostname="DESKTOP-GPJOP6O" failures="0" tests="1" name="SBUTestPack.LoginTest" time="5.963" errors="0" timestamp="17 Feb 2023 08:02:54 GMT" skipped="0">
  <testcase classname="SBUTestPack.LoginTest" name="logincheck" time="5.963"/>
</testsuite> <!-- SBUTestPack.LoginTest -->
